<?xml version="1.0" encoding="UTF-8"?>
<testsuite xmlns:xsi="http://www.w3.org/2001/XMLSchema-instance" xsi:noNamespaceSchemaLocation="https://maven.apache.org/surefire/maven-surefire-plugin/xsd/surefire-test-report.xsd" name="ArtemisTest" time="0" tests="5" errors="0" skipped="0" failures="0">
  <properties>
[...]
</properties>
  <testcase name="testPerformSecondMove" classname="ArtemisTest" time="0"/>
  <testcase name="testPerformFirstMove" classname="ArtemisTest" time="0"/>
  <testcase name="testPassSecondMove" classname="ArtemisTest" time="0"/>
  <testcase name="testValidFirstMove" classname="ArtemisTest" time="0"/>
  <testcase name="testValidSecondMove" classname="ArtemisTest" time="0"/>
</testsuite>